2018-07-04T13:47:19+00:00 CRITICAL Uncaught Error: Call to undefined method WebPaySOAP::getConfig() in /var/www/html/wp-content/plugins/woocommerce-transbank/libwebpay/webpay-normal.php:201
Stack trace:
#0 /var/www/html/wp-content/plugins/woocommerce-transbank/class-wc-transbank.php(259): WebPayNormal->initTransaction(1500, '', 22, 'https://ofertap...')
#1 /var/www/html/wp-content/plugins/woocommerce-transbank/class-wc-transbank.php(156): WC_Gateway_Transbank->generate_transbank_payment(22)
#2 /var/www/html/wp-includes/class-wp-hook.php(286): WC_Gateway_Transbank->receipt_page(22)
#3 /var/www/html/wp-includes/class-wp-hook.php(310): WP_Hook->apply_filters('', Array)
#4 /var/www/html/wp-includes/plugin.php(453): WP_Hook->do_action(Array)
#5 /var/www/html/wp-content/plugins/woocommerce/templates/checkout/order-receipt.php(45): do_action('woocommerce_rec...', 22)
#6 /var/www/html/wp-content/plugins/woocommerce/includes/wc-core-functions.php(211): include('/var/www/html/w...')
#7 /var/www/html/wp-content/plugins/woocommerce/includes/shortcodes/cla

2018-08-03T10:06:46-04:00 CRITICAL Uncaught Error: Call to a member function get_product_id() on null in /var/www/html/wp-content/themes/ofertaprivada/notificaciones.php:46
Stack trace:
#0 /var/www/html/wp-content/themes/ofertaprivada/functions.php(787): include()
#1 /var/www/html/wp-includes/class-wp-hook.php(286): panel_notificaciones('')
#2 /var/www/html/wp-includes/class-wp-hook.php(310): WP_Hook->apply_filters('', Array)
#3 /var/www/html/wp-includes/plugin.php(453): WP_Hook->do_action(Array)
#4 /var/www/html/wp-admin/admin.php(224): do_action('toplevel_page_n...')
#5 {main}
  thrown

2018-08-03T10:09:20-04:00 CRITICAL Uncaught Error: Call to a member function get_product_id() on null in /var/www/html/wp-content/themes/ofertaprivada/notificaciones.php:47
Stack trace:
#0 /var/www/html/wp-content/themes/ofertaprivada/functions.php(787): include()
#1 /var/www/html/wp-includes/class-wp-hook.php(286): panel_notificaciones('')
#2 /var/www/html/wp-includes/class-wp-hook.php(310): WP_Hook->apply_filters('', Array)
#3 /var/www/html/wp-includes/plugin.php(453): WP_Hook->do_action(Array)
#4 /var/www/html/wp-admin/admin.php(224): do_action('toplevel_page_n...')
#5 {main}
  thrown

